<?xml version="1.0" encoding="UTF-8"?>
<testsuite xmlns:xsi="http://www.w3.org/2001/XMLSchema-instance" xsi:noNamespaceSchemaLocation="https://maven.apache.org/surefire/maven-surefire-plugin/xsd/surefire-test-report-3.0.xsd" version="3.0" name="com.mycompany.quickchatapp.QuickChatMainTest" time="0.388" tests="8" errors="0" skipped="0" failures="0">
  <properties>
    <property name="java.specification.version" value="23"/>
    <property name="sun.cpu.isalist" value="amd64"/>
    <property name="sun.jnu.encoding" value="Cp1252"/>
    <property name="java.class.path" value="C:\Users\asema\OneDrive\Documentos\NetBeansProjects\quickchatapp\target\test-classes;C:\Users\asema\OneDrive\Documentos\NetBeansProjects\quickchatapp\target\classes;C:\Users\asema\.m2\repository\org\junit\jupiter\junit-jupiter-api\5.10.3\junit-jupiter-api-5.10.3.jar;C:\Users\asema\.m2\repository\org\opentest4j\opentest4j\1.3.0\opentest4j-1.3.0.jar;C:\Users\asema\.m2\repository\org\junit\platform\junit-platform-commons\1.10.3\junit-platform-commons-1.10.3.jar;C:\Users\asema\.m2\repository\org\apiguardian\apiguardian-api\1.1.2\apiguardian-api-1.1.2.jar;C:\Users\asema\.m2\repository\org\json\json\20240303\json-20240303.jar;C:\Users\asema\.m2\repository\org\junit\jupiter\junit-jupiter-params\5.10.3\junit-jupiter-params-5.10.3.jar;C:\Users\asema\.m2\repository\com\fasterxml\jackson\core\jackson-databind\2.17.1\jackson-databind-2.17.1.jar;C:\Users\asema\.m2\repository\com\fasterxml\jackson\core\jackson-annotations\2.17.1\jackson-annotations-2.17.1.jar;C:\Users\asema\.m2\repository\com\fasterxml\jackson\core\jackson-core\2.17.1\jackson-core-2.17.1.jar;C:\Users\asema\.m2\repository\org\junit\jupiter\junit-jupiter\5.9.2\junit-jupiter-5.9.2.jar;C:\Users\asema\.m2\repository\org\junit\jupiter\junit-jupiter-engine\5.10.3\junit-jupiter-engine-5.10.3.jar;C:\Users\asema\.m2\repository\org\junit\platform\junit-platform-engine\1.10.3\junit-platform-engine-1.10.3.jar;"/>
    <property name="java.vm.vendor" value="Oracle Corporation"/>
    <property name="sun.arch.data.model" value="64"/>
    <property name="user.variant" value=""/>
    <property name="java.vendor.url" value="https://java.oracle.com/"/>
    <property name="user.timezone" value="Africa/Johannesburg"/>
    <property name="os.name" value="Windows 11"/>
    <property name="java.vm.specification.version" value="23"/>
    <property name="user.country" value="ZA"/>
    <property name="sun.java.launcher" value="SUN_STANDARD"/>
    <property name="sun.boot.library.path" value="C:\Program Files\Java\jdk-23\Java Kit\bin"/>
    <property name="sun.java.command" value="C:\Users\asema\AppData\Local\Temp\surefire9756224201496302324\surefirebooter-20250526232526874_3.jar C:\Users\asema\AppData\Local\Temp\surefire9756224201496302324 2025-05-26T23-25-26_572-jvmRun1 surefire-20250526232526874_1tmp surefire_0-20250526232526874_2tmp"/>
    <property name="jdk.debug" value="release"/>
    <property name="test" value="com.mycompany.quickchatapp.QuickChatMainTest"/>
    <property name="surefire.test.class.path" value="C:\Users\asema\OneDrive\Documentos\NetBeansProjects\quickchatapp\target\test-classes;C:\Users\asema\OneDrive\Documentos\NetBeansProjects\quickchatapp\target\classes;C:\Users\asema\.m2\repository\org\junit\jupiter\junit-jupiter-api\5.10.3\junit-jupiter-api-5.10.3.jar;C:\Users\asema\.m2\repository\org\opentest4j\opentest4j\1.3.0\opentest4j-1.3.0.jar;C:\Users\asema\.m2\repository\org\junit\platform\junit-platform-commons\1.10.3\junit-platform-commons-1.10.3.jar;C:\Users\asema\.m2\repository\org\apiguardian\apiguardian-api\1.1.2\apiguardian-api-1.1.2.jar;C:\Users\asema\.m2\repository\org\json\json\20240303\json-20240303.jar;C:\Users\asema\.m2\repository\org\junit\jupiter\junit-jupiter-params\5.10.3\junit-jupiter-params-5.10.3.jar;C:\Users\asema\.m2\repository\com\fasterxml\jackson\core\jackson-databind\2.17.1\jackson-databind-2.17.1.jar;C:\Users\asema\.m2\repository\com\fasterxml\jackson\core\jackson-annotations\2.17.1\jackson-annotations-2.17.1.jar;C:\Users\asema\.m2\repository\com\fasterxml\jackson\core\jackson-core\2.17.1\jackson-core-2.17.1.jar;C:\Users\asema\.m2\repository\org\junit\jupiter\junit-jupiter\5.9.2\junit-jupiter-5.9.2.jar;C:\Users\asema\.m2\repository\org\junit\jupiter\junit-jupiter-engine\5.10.3\junit-jupiter-engine-5.10.3.jar;C:\Users\asema\.m2\repository\org\junit\platform\junit-platform-engine\1.10.3\junit-platform-engine-1.10.3.jar;"/>
    <property name="sun.cpu.endian" value="little"/>
    <property name="user.home" value="C:\Users\asema"/>
    <property name="user.language" value="en"/>
    <property name="java.specification.vendor" value="Oracle Corporation"/>
    <property name="java.version.date" value="2025-01-21"/>
    <property name="java.home" value="C:\Program Files\Java\jdk-23\Java Kit"/>
    <property name="file.separator" value="\"/>
    <property name="basedir" value="C:\Users\asema\OneDrive\Documentos\NetBeansProjects\quickchatapp"/>
    <property name="java.vm.compressedOopsMode" value="Zero based"/>
    <property name="line.separator" value="&#10;"/>
    <property name="java.vm.specification.vendor" value="Oracle Corporation"/>
    <property name="java.specification.name" value="Java Platform API Specification"/>
    <property name="surefire.real.class.path" value="C:\Users\asema\AppData\Local\Temp\surefire9756224201496302324\surefirebooter-20250526232526874_3.jar"/>
    <property name="user.script" value=""/>
    <property name="sun.management.compiler" value="HotSpot 64-Bit Tiered Compilers"/>
    <property name="java.runtime.version" value="23.0.2+7-58"/>
    <property name="user.name" value="asema"/>
    <property name="stdout.encoding" value="Cp1252"/>
    <property name="path.separator" value=";"/>
    <property name="os.version" value="10.0"/>
    <property name="java.runtime.name" value="Java(TM) SE Runtime Environment"/>
    <property name="file.encoding" value="UTF-8"/>
    <property name="java.vm.name" value="Java HotSpot(TM) 64-Bit Server VM"/>
    <property name="maven.ext.class.path" value="C:\Program Files\Java\NetBeans-25\netbeans\java\maven-nblib\netbeans-eventspy.jar"/>
    <property name="localRepository" value="C:\Users\asema\.m2\repository"/>
    <property name="java.vendor.url.bug" value="https://bugreport.java.com/bugreport/"/>
    <property name="java.io.tmpdir" value="C:\Users\asema\AppData\Local\Temp\"/>
    <property name="java.version" value="23.0.2"/>
    <property name="user.dir" value="C:\Users\asema\OneDrive\Documentos\NetBeansProjects\quickchatapp"/>
    <property name="os.arch" value="amd64"/>
    <property name="java.vm.specification.name" value="Java Virtual Machine Specification"/>
    <property name="sun.os.patch.level" value=""/>
    <property name="native.encoding" value="Cp1252"/>
    <property name="java.library.path" value="C:\Program Files\Java\jdk-23\Java Kit\bin;C:\WINDOWS\Sun\Java\bin;C:\WINDOWS\system32;C:\WINDOWS;C:\Program Files\Common Files\Oracle\Java\javapath;C:\WINDOWS\system32;C:\WINDOWS;C:\WINDOWS\System32\Wbem;C:\WINDOWS\System32\WindowsPowerShell\v1.0\;C:\WINDOWS\System32\OpenSSH\;C:\Program Files\Java\jdk-23\Java Kit\bin;C:\Program Files\nodejs\;C:\Users\asema\AppData\Local\Programs\Python\Python313\Scripts\;C:\Users\asema\AppData\Local\Programs\Python\Python313\;C:\Users\asema\AppData\Local\Programs\Python\Launcher\;C:\Users\asema\AppData\Local\Microsoft\WindowsApps;C:\Users\asema\AppData\Local\Programs\Microsoft VS Code\bin;C:\Program Files\Java\jdk-23\Java Kit\bin;C:\Users\asema\AppData\Roaming\npm;."/>
    <property name="java.vm.info" value="mixed mode, sharing"/>
    <property name="stderr.encoding" value="Cp1252"/>
    <property name="java.vendor" value="Oracle Corporation"/>
    <property name="java.vm.version" value="23.0.2+7-58"/>
    <property name="sun.io.unicode.encoding" value="UnicodeLittle"/>
    <property name="java.class.version" value="67.0"/>
    <property name="argLine" value="--enable-preview"/>
  </properties>
  <testcase name="testStaticFieldModification" classname="com.mycompany.quickchatapp.QuickChatMainTest" time="0.099"/>
  <testcase name="testSaveMessageMultiple" classname="com.mycompany.quickchatapp.QuickChatMainTest" time="0.072"/>
  <testcase name="testSaveMessage" classname="com.mycompany.quickchatapp.QuickChatMainTest" time="0.033"/>
  <testcase name="testSaveMessageWithEmptyStrings" classname="com.mycompany.quickchatapp.QuickChatMainTest" time="0.019"/>
  <testcase name="testStaticFieldInitialization" classname="com.mycompany.quickchatapp.QuickChatMainTest" time="0.012"/>
  <testcase name="testSaveMessageWithSpecialCharacters" classname="com.mycompany.quickchatapp.QuickChatMainTest" time="0.021"/>
  <testcase name="testMessagesFileConstant" classname="com.mycompany.quickchatapp.QuickChatMainTest" time="0.016"/>
  <testcase name="testFileAppendFunctionality" classname="com.mycompany.quickchatapp.QuickChatMainTest" time="0.023"/>
</testsuite>